<?xml version="1.0" encoding="UTF-8"?>
<!-- Generated by org.testng.reporters.JUnitXMLReporter -->
<testsuite ignored="1" hostname="Pranav-Yadav" failures="0" tests="1" name="Default test" time="20.307" errors="0" timestamp="2022-05-31T01:35:13 IST">
  <testcase classname="TestNgRetryFailedTest.TestNgRetryFailedTest" name="codeShareTest" time="20.277"/>
  <testcase classname="TestNgRetryFailedTest.TestNgRetryFailedTest" name="test3" time="0.0">
    <ignored/>
  </testcase> <!-- test3 -->
</testsuite> <!-- Default test -->
