<?xml version="1.0" encoding="UTF-8"?>
<testng-results ignored="0" total="1" passed="1" failed="0" skipped="0">
  <reporter-output>
  </reporter-output>
  <suite started-at="2022-05-31T02:00:06 IST" name="Suite1" finished-at="2022-05-31T02:00:28 IST" duration-ms="22072">
    <groups>
    </groups>
    <test started-at="2022-05-31T02:00:06 IST" name="Test" finished-at="2022-05-31T02:00:28 IST" duration-ms="22072">
      <class name="TestNgRetryFailedTest.TestNgRetryFailedTest">
        <test-method is-config="true" signature="setup()[pri:0, instance:TestNgRetryFailedTest.TestNgRetryFailedTest@223191a6]" started-at="2022-05-31T02:00:05 IST" name="setup" finished-at="2022-05-31T02:00:06 IST" duration-ms="357" status="PASS">
          <reporter-output>
          </reporter-output>
        </test-method> <!-- setup -->
        <test-method signature="codeShareTest()[pri:0, instance:TestNgRetryFailedTest.TestNgRetryFailedTest@223191a6]" started-at="2022-05-31T02:00:06 IST" name="codeShareTest" finished-at="2022-05-31T02:00:28 IST" duration-ms="22028" status="PASS">
          <reporter-output>
          </reporter-output>
        </test-method> <!-- codeShareTest -->
        <test-method is-config="true" signature="afterTest()[pri:0, instance:TestNgRetryFailedTest.TestNgRetryFailedTest@223191a6]" started-at="2022-05-31T02:00:28 IST" name="afterTest" finished-at="2022-05-31T02:00:28 IST" duration-ms="0" status="PASS">
          <reporter-output>
          </reporter-output>
        </test-method> <!-- afterTest -->
        <test-method is-config="true" signature="tearDown()[pri:0, instance:TestNgRetryFailedTest.TestNgRetryFailedTest@223191a6]" started-at="2022-05-31T02:00:28 IST" name="tearDown" finished-at="2022-05-31T02:00:30 IST" duration-ms="2418" status="PASS">
          <reporter-output>
          </reporter-output>
        </test-method> <!-- tearDown -->
      </class> <!-- TestNgRetryFailedTest.TestNgRetryFailedTest -->
    </test> <!-- Test -->
  </suite> <!-- Suite1 -->
</testng-results>
